<?xml version="1.0" encoding="UTF-8"?><testsuite errors="0" failures="0" name="com.bestbuy.productinfo.ProductCurdStepTest" skipped="0" tests="4" time="4.95" timestamp="2022-06-08T21:19:15.649-11:00[GMT-11:00]"><testcase classname="com.bestbuy.productinfo.ProductCurdStepTest" name="This will create new Product"/><testcase classname="com.bestbuy.productinfo.ProductCurdStepTest" name="Verify if product added to the list or not"/><testcase classname="com.bestbuy.productinfo.ProductCurdStepTest" name="Update product and verify"/><testcase classname="com.bestbuy.productinfo.ProductCurdStepTest" name="delete the created product and verify"/></testsuite>