<?xml version="1.0" encoding="UTF-8"?><testsuite errors="0" failures="0" name="com.bestbuy.storeinfo.CurdStoreStepTest" skipped="0" tests="4" time="4.89" timestamp="2022-06-08T21:19:15.665-11:00[GMT-11:00]"><testcase classname="com.bestbuy.storeinfo.CurdStoreStepTest" name="creating new store data"/><testcase classname="com.bestbuy.storeinfo.CurdStoreStepTest" name="verify if store added"/><testcase classname="com.bestbuy.storeinfo.CurdStoreStepTest" name="update the store information and verify it"/><testcase classname="com.bestbuy.storeinfo.CurdStoreStepTest" name="delete the created store"/></testsuite>